<?xml version="1.0" encoding="UTF-8"?>
<testsuite xmlns:xsi="http://www.w3.org/2001/XMLSchema-instance" xsi:noNamespaceSchemaLocation="https://maven.apache.org/surefire/maven-surefire-plugin/xsd/surefire-test-report-3.0.xsd" version="3.0" name="CatTest" time="2.476" tests="2" errors="0" skipped="0" failures="0">
  <properties>
    <property name="java.specification.version" value="23"/>
    <property name="sun.cpu.isalist" value="amd64"/>
    <property name="sun.jnu.encoding" value="Cp1251"/>
    <property name="java.class.path" value="C:\Users\alskv\Documents\TESTING\qa_java\target\test-classes;C:\Users\alskv\Documents\TESTING\qa_java\target\classes;C:\Users\alskv\.m2\repository\junit\junit\4.13.2\junit-4.13.2.jar;C:\Users\alskv\.m2\repository\org\hamcrest\hamcrest-core\1.3\hamcrest-core-1.3.jar;C:\Users\alskv\.m2\repository\org\mockito\mockito-core\5.16.1\mockito-core-5.16.1.jar;C:\Users\alskv\.m2\repository\net\bytebuddy\byte-buddy-agent\1.15.11\byte-buddy-agent-1.15.11.jar;C:\Users\alskv\.m2\repository\org\objenesis\objenesis\3.3\objenesis-3.3.jar;C:\Users\alskv\.m2\repository\net\bytebuddy\byte-buddy\1.17.5\byte-buddy-1.17.5.jar;"/>
    <property name="java.vm.vendor" value="Oracle Corporation"/>
    <property name="sun.arch.data.model" value="64"/>
    <property name="user.variant" value=""/>
    <property name="java.vendor.url" value="https://java.oracle.com/"/>
    <property name="user.timezone" value="Europe/Moscow"/>
    <property name="os.name" value="Windows 10"/>
    <property name="java.vm.specification.version" value="23"/>
    <property name="sun.java.launcher" value="SUN_STANDARD"/>
    <property name="user.country" value="RU"/>
    <property name="sun.boot.library.path" value="C:\Users\alskv\.jdks\openjdk-23.0.2\bin"/>
    <property name="sun.java.command" value="C:\Users\alskv\AppData\Local\Temp\surefire11231391429244007173\surefirebooter-20250409173023468_3.jar C:\Users\alskv\AppData\Local\Temp\surefire11231391429244007173 2025-04-09T17-30-23_167-jvmRun1 surefire-20250409173023468_1tmp surefire_0-20250409173023468_2tmp"/>
    <property name="jdk.debug" value="release"/>
    <property name="surefire.test.class.path" value="C:\Users\alskv\Documents\TESTING\qa_java\target\test-classes;C:\Users\alskv\Documents\TESTING\qa_java\target\classes;C:\Users\alskv\.m2\repository\junit\junit\4.13.2\junit-4.13.2.jar;C:\Users\alskv\.m2\repository\org\hamcrest\hamcrest-core\1.3\hamcrest-core-1.3.jar;C:\Users\alskv\.m2\repository\org\mockito\mockito-core\5.16.1\mockito-core-5.16.1.jar;C:\Users\alskv\.m2\repository\net\bytebuddy\byte-buddy-agent\1.15.11\byte-buddy-agent-1.15.11.jar;C:\Users\alskv\.m2\repository\org\objenesis\objenesis\3.3\objenesis-3.3.jar;C:\Users\alskv\.m2\repository\net\bytebuddy\byte-buddy\1.17.5\byte-buddy-1.17.5.jar;"/>
    <property name="sun.cpu.endian" value="little"/>
    <property name="user.home" value="C:\Users\alskv"/>
    <property name="user.language" value="ru"/>
    <property name="java.specification.vendor" value="Oracle Corporation"/>
    <property name="java.version.date" value="2025-01-21"/>
    <property name="java.home" value="C:\Users\alskv\.jdks\openjdk-23.0.2"/>
    <property name="file.separator" value="\"/>
    <property name="basedir" value="C:\Users\alskv\Documents\TESTING\qa_java"/>
    <property name="java.vm.compressedOopsMode" value="32-bit"/>
    <property name="line.separator" value="&#10;"/>
    <property name="java.vm.specification.vendor" value="Oracle Corporation"/>
    <property name="java.specification.name" value="Java Platform API Specification"/>
    <property name="surefire.real.class.path" value="C:\Users\alskv\AppData\Local\Temp\surefire11231391429244007173\surefirebooter-20250409173023468_3.jar"/>
    <property name="user.script" value=""/>
    <property name="sun.management.compiler" value="HotSpot 64-Bit Tiered Compilers"/>
    <property name="java.runtime.version" value="23.0.2+7-58"/>
    <property name="user.name" value="Victoria"/>
    <property name="stdout.encoding" value="Cp1251"/>
    <property name="path.separator" value=";"/>
    <property name="os.version" value="10.0"/>
    <property name="java.runtime.name" value="OpenJDK Runtime Environment"/>
    <property name="file.encoding" value="UTF-8"/>
    <property name="java.vm.name" value="OpenJDK 64-Bit Server VM"/>
    <property name="localRepository" value="C:\Users\alskv\.m2\repository"/>
    <property name="java.vendor.url.bug" value="https://bugreport.java.com/bugreport/"/>
    <property name="java.io.tmpdir" value="C:\Users\alskv\AppData\Local\Temp\"/>
    <property name="idea.version" value="2024.3.2"/>
    <property name="java.version" value="23.0.2"/>
    <property name="user.dir" value="C:\Users\alskv\Documents\TESTING\qa_java"/>
    <property name="os.arch" value="amd64"/>
    <property name="java.vm.specification.name" value="Java Virtual Machine Specification"/>
    <property name="sun.os.patch.level" value=""/>
    <property name="native.encoding" value="Cp1251"/>
    <property name="java.library.path" value="C:\Users\alskv\.jdks\openjdk-23.0.2\bin;C:\Windows\Sun\Java\bin;C:\Windows\system32;C:\Windows;C:\Users\alskv\AppData\Local\Yandex\YandexBrowser\Application;C:\Windows\system32;C:\Windows;C:\Windows\System32\Wbem;C:\Windows\System32\WindowsPowerShell\v1.0\;C:\Windows\System32\OpenSSH\;C:\Program Files\WireGuard\;C:\Users\alskv\AppData\Local\Microsoft\WindowsApps;;."/>
    <property name="java.vm.info" value="mixed mode, sharing"/>
    <property name="stderr.encoding" value="Cp1251"/>
    <property name="java.vendor" value="Oracle Corporation"/>
    <property name="java.vm.version" value="23.0.2+7-58"/>
    <property name="sun.io.unicode.encoding" value="UnicodeLittle"/>
    <property name="java.class.version" value="67.0"/>
  </properties>
  <testcase name="catGetSoundTest" classname="CatTest" time="0.352">
    <system-err><![CDATA[Mockito is currently self-attaching to enable the inline-mock-maker. This will no longer work in future releases of the JDK. Please add Mockito as an agent to your build as described in Mockito's documentation: https://javadoc.io/doc/org.mockito/mockito-core/latest/org/mockito/Mockito.html#0.3
java.lang.instrument.IllegalClassFormatException: Error while instrumenting com/sun/tools/attach/VirtualMachine.
	at org.jacoco.agent.rt.internal_3570298.CoverageTransformer.transform(CoverageTransformer.java:94)
	at java.instrument/java.lang.instrument.ClassFileTransformer.transform(ClassFileTransformer.java:242)
	at java.instrument/sun.instrument.TransformerManager.transform(TransformerManager.java:188)
	at java.instrument/sun.instrument.InstrumentationImpl.transform(InstrumentationImpl.java:610)
	at java.base/java.lang.ClassLoader.defineClass2(Native Method)
	at java.base/java.lang.ClassLoader.defineClass(ClassLoader.java:1116)
	at java.base/java.security.SecureClassLoader.defineClass(SecureClassLoader.java:182)
	at java.base/jdk.internal.loader.BuiltinClassLoader.defineClass(BuiltinClassLoader.java:821)
	at java.base/jdk.internal.loader.BuiltinClassLoader.findClassInModuleOrNull(BuiltinClassLoader.java:741)
	at java.base/jdk.internal.loader.BuiltinClassLoader.loadClassOrNull(BuiltinClassLoader.java:665)
	at java.base/jdk.internal.loader.BuiltinClassLoader.loadClass(BuiltinClassLoader.java:639)
	at java.base/jdk.internal.loader.ClassLoaders$AppClassLoader.loadClass(ClassLoaders.java:188)
	at java.base/java.lang.ClassLoader.loadClass(ClassLoader.java:528)
	at java.base/java.lang.Class.forName0(Native Method)
	at java.base/java.lang.Class.forName(Class.java:578)
	at java.base/java.lang.Class.forName(Class.java:557)
	at net.bytebuddy.agent.ByteBuddyAgent$AttachmentProvider$Accessor$Simple.of(ByteBuddyAgent.java:957)
	at net.bytebuddy.agent.ByteBuddyAgent$AttachmentProvider$ForModularizedVm.attempt(ByteBuddyAgent.java:1081)
	at net.bytebuddy.agent.ByteBuddyAgent$AttachmentProvider$Compound.attempt(ByteBuddyAgent.java:1261)
	at net.bytebuddy.agent.ByteBuddyAgent.install(ByteBuddyAgent.java:598)
	at net.bytebuddy.agent.ByteBuddyAgent.install(ByteBuddyAgent.java:584)
	at net.bytebuddy.agent.ByteBuddyAgent.install(ByteBuddyAgent.java:536)
	at net.bytebuddy.agent.ByteBuddyAgent.install(ByteBuddyAgent.java:513)
	at org.mockito.internal.PremainAttachAccess.getInstrumentation(PremainAttachAccess.java:80)
	at org.mockito.internal.creation.bytebuddy.InlineDelegateByteBuddyMockMaker.<clinit>(InlineDelegateByteBuddyMockMaker.java:138)
	at org.mockito.internal.creation.bytebuddy.InlineByteBuddyMockMaker.<init>(InlineByteBuddyMockMaker.java:23)
	at java.base/jdk.internal.reflect.DirectConstructorHandleAccessor.newInstance(DirectConstructorHandleAccessor.java:62)
	at java.base/java.lang.reflect.Constructor.newInstanceWithCaller(Constructor.java:501)
	at java.base/java.lang.reflect.Constructor.newInstance(Constructor.java:485)
	at org.mockito.internal.configuration.plugins.DefaultMockitoPlugins.create(DefaultMockitoPlugins.java:103)
	at org.mockito.internal.configuration.plugins.DefaultMockitoPlugins.getDefaultPlugin(DefaultMockitoPlugins.java:79)
	at org.mockito.internal.configuration.plugins.PluginLoader.loadPlugin(PluginLoader.java:75)
	at org.mockito.internal.configuration.plugins.PluginLoader.loadPlugin(PluginLoader.java:49)
	at org.mockito.internal.configuration.plugins.PluginRegistry.<init>(PluginRegistry.java:29)
	at org.mockito.internal.configuration.plugins.Plugins.<clinit>(Plugins.java:26)
	at org.mockito.internal.MockitoCore.<clinit>(MockitoCore.java:71)
	at org.mockito.Mockito.<clinit>(Mockito.java:1777)
	at org.mockito.internal.runners.StrictRunner.run(StrictRunner.java:38)
	at org.mockito.junit.MockitoJUnitRunner.run(MockitoJUnitRunner.java:163)
	at org.apache.maven.surefire.junit4.JUnit4Provider.execute(JUnit4Provider.java:316)
	at org.apache.maven.surefire.junit4.JUnit4Provider.executeWithRerun(JUnit4Provider.java:240)
	at org.apache.maven.surefire.junit4.JUnit4Provider.executeTestSet(JUnit4Provider.java:214)
	at org.apache.maven.surefire.junit4.JUnit4Provider.invoke(JUnit4Provider.java:155)
	at org.apache.maven.surefire.booter.ForkedBooter.runSuitesInProcess(ForkedBooter.java:385)
	at org.apache.maven.surefire.booter.ForkedBooter.execute(ForkedBooter.java:162)
	at org.apache.maven.surefire.booter.ForkedBooter.run(ForkedBooter.java:507)
	at org.apache.maven.surefire.booter.ForkedBooter.main(ForkedBooter.java:495)
Caused by: java.io.IOException: Error while instrumenting com/sun/tools/attach/VirtualMachine.
	at org.jacoco.agent.rt.internal_3570298.core.instr.Instrumenter.instrumentError(Instrumenter.java:160)
	at org.jacoco.agent.rt.internal_3570298.core.instr.Instrumenter.instrument(Instrumenter.java:110)
	at org.jacoco.agent.rt.internal_3570298.CoverageTransformer.transform(CoverageTransformer.java:92)
	... 46 more
Caused by: java.lang.IllegalArgumentException: Unsupported class file major version 67
	at org.jacoco.agent.rt.internal_3570298.asm.ClassReader.<init>(ClassReader.java:196)
	at org.jacoco.agent.rt.internal_3570298.asm.ClassReader.<init>(ClassReader.java:177)
	at org.jacoco.agent.rt.internal_3570298.asm.ClassReader.<init>(ClassReader.java:163)
	at org.jacoco.agent.rt.internal_3570298.core.internal.instr.InstrSupport.classReaderFor(InstrSupport.java:280)
	at org.jacoco.agent.rt.internal_3570298.core.instr.Instrumenter.instrument(Instrumenter.java:76)
	at org.jacoco.agent.rt.internal_3570298.core.instr.Instrumenter.instrument(Instrumenter.java:108)
	... 47 more
WARNING: A Java agent has been loaded dynamically (C:\Users\alskv\.m2\repository\net\bytebuddy\byte-buddy-agent\1.15.11\byte-buddy-agent-1.15.11.jar)
WARNING: If a serviceability tool is in use, please run with -XX:+EnableDynamicAgentLoading to hide this warning
WARNING: If a serviceability tool is not in use, please run with -Djdk.instrument.traceUsage for more information
WARNING: Dynamic loading of agents will be disallowed by default in a future release
]]></system-err>
  </testcase>
  <testcase name="catGetFoodTest" classname="CatTest" time="0.07"/>
</testsuite>